{
  "Unit Tests": {
    "coverage": {
      "/Users/robertsmith/Turing/1module/mastermind/lib/command.rb": [
        1,
        1,
        1,
        1,
        null,
        1,
        1,
        1,
        null,
        1,
        1,
        null,
        1,
        6,
        6,
        6,
        null,
        null,
        1,
        null,
        5,
        5,
        5,
        5,
        null,
        null,
        null,
        1,
        null,
        4,
        3,
        3,
        3,
        null,
        1,
        null,
        null,
        null,
        1,
        4,
        3,
        3,
        3,
        null,
        1,
        null,
        null,
        null,
        1,
        5,
        3,
        3,
        null,
        null,
        null,
        1,
        3,
        3,
        3,
        3,
        null,
        null,
        null,
        null
      ],
      "/Users/robertsmith/Turing/1module/mastermind/lib/guesser.rb": [
        1,
        1,
        1,
        1,
        1,
        null,
        1,
        1,
        1,
        null,
        1,
        6,
        6,
        6,
        6,
        6,
        null,
        null,
        1,
        8,
        3,
        5,
        5,
        null,
        null,
        null,
        1,
        5,
        3,
        3,
        null,
        2,
        2,
        null,
        null,
        null,
        1,
        3,
        3,
        3,
        3,
        3,
        null,
        null,
        null,
        1,
        3,
        0,
        0,
        null,
        null,
        null,
        1,
        3,
        0,
        0,
        3,
        0,
        0,
        null,
        null,
        null,
        1,
        2,
        2,
        8,
        2,
        null,
        null,
        2,
        null,
        null,
        1,
        2,
        7,
        null,
        null,
        null,
        null
      ],
      "/Users/robertsmith/Turing/1module/mastermind/lib/code_generator.rb": [
        1,
        1,
        1,
        null,
        1,
        2,
        null,
        null,
        null
      ],
      "/Users/robertsmith/Turing/1module/mastermind/lib/responses.rb": [
        1,
        1,
        1,
        0,
        null,
        null,
        1,
        0,
        null,
        null,
        1,
        0,
        null,
        null,
        1,
        0,
        null,
        null,
        null,
        null,
        1,
        4,
        4,
        null,
        null,
        null,
        1,
        0,
        null,
        null,
        null,
        null,
        1,
        null,
        null,
        null,
        1,
        null,
        null,
        null
      ],
      "/Users/robertsmith/Turing/1module/mastermind/lib/timer.rb": [
        1,
        1,
        1,
        null,
        1,
        6,
        6,
        6,
        null,
        null,
        1,
        6,
        3,
        3,
        3,
        3,
        null,
        null,
        null,
        1,
        6,
        null,
        null,
        1,
        3,
        3,
        null,
        null,
        1,
        4,
        4,
        null,
        0,
        0,
        null,
        null,
        null,
        null
      ]
    },
    "timestamp": 1476142661
  },
  "RSpec": {
    "coverage": {
      "/Users/robertsmith/Turing/1module/mastermind/lib/code_generator.rb": [
        1,
        1,
        1,
        null,
        1,
        8,
        null,
        null,
        null
      ],
      "/Users/robertsmith/Turing/1module/mastermind/lib/command.rb": [
        1,
        1,
        1,
        1,
        1,
        null,
        1,
        1,
        null,
        1,
        5,
        5,
        5,
        5,
        null,
        null,
        1,
        null,
        4,
        4,
        4,
        4,
        null,
        null,
        null,
        1,
        3,
        2,
        2,
        null,
        1,
        null,
        null,
        null,
        1,
        4,
        2,
        2,
        null,
        null,
        null,
        1,
        2,
        2,
        2,
        2,
        null,
        null,
        null,
        null
      ],
      "/Users/robertsmith/Turing/1module/mastermind/lib/guesser.rb": [
        1,
        1,
        1,
        1,
        1,
        null,
        1,
        1,
        1,
        null,
        1,
        15,
        15,
        15,
        15,
        15,
        null,
        null,
        1,
        20,
        8,
        12,
        12,
        null,
        null,
        null,
        1,
        null,
        12,
        12,
        12,
        9,
        9,
        null,
        null,
        null,
        1,
        12,
        1,
        1,
        null,
        null,
        null,
        1,
        12,
        1,
        1,
        11,
        2,
        2,
        null,
        null,
        null,
        1,
        12,
        3,
        null,
        9,
        null,
        null,
        null,
        1,
        9,
        9,
        36,
        15,
        null,
        null,
        9,
        null,
        null,
        1,
        9,
        24,
        null,
        null,
        null,
        null
      ],
      "/Users/robertsmith/Turing/1module/mastermind/lib/responses.rb": [
        1,
        1,
        1,
        1,
        null,
        null,
        1,
        1,
        null,
        null,
        1,
        2,
        null,
        null,
        1,
        0,
        null,
        null,
        null,
        null,
        1,
        0,
        null,
        null,
        null,
        1,
        0,
        null,
        null,
        null,
        1,
        null,
        null,
        null,
        1,
        null,
        null,
        null
      ],
      "/Users/robertsmith/Turing/1module/mastermind/lib/timer.rb": [
        1,
        1,
        1,
        null,
        1,
        8,
        8,
        8,
        null,
        null,
        1,
        5,
        2,
        2,
        3,
        3,
        null,
        null,
        null,
        1,
        5,
        null,
        null,
        1,
        2,
        2,
        null,
        null,
        1,
        7,
        5,
        null,
        2,
        2,
        null,
        null,
        null,
        null
      ],
      "/Users/robertsmith/Turing/1module/mastermind/lib/counter.rb": [
        1,
        1,
        1,
        1,
        null,
        null
      ]
    },
    "timestamp": 1476139667
  }
}
