{
  "Unit Tests": {
    "coverage": {
      "/Users/robertsmith/Turing/1module/mastermind/lib/timer.rb": [
        1,
        1,
        1,
        null,
        1,
        3,
        null,
        null,
        3,
        3,
        3,
        null,
        null,
        1,
        1,
        0,
        0,
        1,
        1,
        null,
        null,
        null,
        null,
        null,
        null,
        null,
        1,
        1,
        null,
        null,
        1,
        0,
        0,
        null,
        null,
        1,
        4,
        2,
        null,
        2,
        2,
        null,
        null,
        null,
        null
      ]
    },
    "timestamp": 1476136113
  },
  "RSpec": {
    "coverage": {
      "/Users/robertsmith/Turing/1module/mastermind/lib/code_generator.rb": [
        1,
        1,
        1,
        null,
        1,
        11,
        null,
        null,
        null
      ],
      "/Users/robertsmith/Turing/1module/mastermind/lib/command.rb": [
        1,
        1,
        1,
        1,
        1,
        null,
        1,
        1,
        null,
        1,
        5,
        5,
        5,
        5,
        null,
        null,
        1,
        null,
        7,
        7,
        7,
        7,
        null,
        null,
        null,
        1,
        5,
        3,
        3,
        null,
        2,
        null,
        null,
        null,
        1,
        7,
        3,
        3,
        null,
        null,
        null,
        1,
        3,
        3,
        3,
        3,
        null,
        null,
        null,
        null
      ],
      "/Users/robertsmith/Turing/1module/mastermind/lib/guesser.rb": [
        1,
        1,
        1,
        1,
        1,
        null,
        1,
        1,
        1,
        null,
        1,
        14,
        14,
        14,
        14,
        null,
        null,
        1,
        22,
        8,
        14,
        14,
        null,
        null,
        null,
        1,
        null,
        12,
        12,
        12,
        9,
        9,
        null,
        null,
        null,
        1,
        12,
        1,
        1,
        null,
        null,
        null,
        1,
        12,
        1,
        1,
        11,
        2,
        2,
        null,
        null,
        null,
        1,
        14,
        4,
        null,
        10,
        null,
        null,
        null,
        1,
        10,
        10,
        40,
        14,
        null,
        null,
        10,
        null,
        null,
        1,
        10,
        28,
        null,
        null,
        null,
        null
      ],
      "/Users/robertsmith/Turing/1module/mastermind/lib/responses.rb": [
        1,
        1,
        1,
        1,
        null,
        null,
        1,
        1,
        null,
        null,
        1,
        2,
        null,
        null,
        1,
        0,
        null,
        null,
        null,
        null,
        1,
        0,
        null,
        null,
        null,
        1,
        0,
        null,
        null,
        null,
        1,
        null,
        null,
        null,
        1,
        null,
        null,
        null
      ],
      "/Users/robertsmith/Turing/1module/mastermind/lib/timer.rb": [
        1,
        1,
        1,
        null,
        1,
        9,
        null,
        null,
        9,
        9,
        9,
        null,
        null,
        1,
        8,
        3,
        3,
        5,
        5,
        null,
        null,
        null,
        null,
        null,
        null,
        null,
        1,
        10,
        null,
        null,
        1,
        3,
        3,
        null,
        null,
        1,
        7,
        5,
        null,
        2,
        2,
        null,
        null,
        null,
        null
      ],
      "/Users/robertsmith/Turing/1module/mastermind/lib/counter.rb": [
        1,
        1,
        1,
        1,
        null,
        null
      ]
    },
    "timestamp": 1476135213
  }
}
